2023-02-27 19:06:31.947 [info] Added views:workbench.panel.markers.view in workbench.panel.markers
2023-02-27 19:06:31.947 [info] Added views:workbench.panel.output in workbench.panel.output
2023-02-27 19:06:31.947 [info] Added views:terminal in terminal
2023-02-27 19:06:31.947 [info] Added views:outline in workbench.view.explorer
2023-02-27 19:06:31.947 [info] Added views:workbench.scm in workbench.view.scm
2023-02-27 19:06:31.947 [info] Added views:workbench.view.search in workbench.view.search
2023-02-27 19:06:31.947 [info] Added views:timeline in workbench.view.explorer
2023-02-27 19:06:31.947 [info] Added views:workbench.explorer.fileView in workbench.view.explorer
2023-02-27 19:06:31.947 [info] Added views:workbench.debug.welcome in workbench.view.debug
2023-02-27 19:06:32.696 [info] Added views:workbench.panel.repl.view in workbench.panel.repl
2023-02-27 19:06:41.216 [info] Added views:workbench.views.extensions.installed,workbench.views.extensions.popular,extensions.recommendedList in workbench.view.extensions
2023-02-27 19:06:41.221 [info] Removed views:workbench.views.extensions.popular from workbench.view.extensions
2023-02-27 19:06:41.616 [info] Added views:workbench.views.extensions.popular in workbench.view.extensions
2023-02-27 19:06:53.575 [info] Removed views:extensions.recommendedList,workbench.views.extensions.popular,workbench.views.extensions.installed from workbench.view.extensions
2023-02-27 19:06:53.604 [info] Added views:workbench.views.extensions.marketplace in workbench.view.extensions
2023-02-27 19:08:06.588 [info] Removed views:workbench.views.extensions.marketplace from workbench.view.extensions
2023-02-27 19:08:06.661 [info] Added views:workbench.views.extensions.installed,workbench.views.extensions.popular,extensions.recommendedList in workbench.view.extensions
2023-02-27 19:08:08.887 [info] Removed views:extensions.recommendedList,workbench.views.extensions.popular,workbench.views.extensions.installed from workbench.view.extensions
2023-02-27 19:08:08.898 [info] Added views:workbench.views.extensions.marketplace in workbench.view.extensions
2023-02-27 19:08:26.617 [info] Removed views:workbench.views.extensions.marketplace from workbench.view.extensions
2023-02-27 19:08:26.655 [info] Added views:workbench.views.extensions.installed,workbench.views.extensions.popular,extensions.recommendedList in workbench.view.extensions
2023-02-27 19:08:28.587 [info] Removed views:extensions.recommendedList,workbench.views.extensions.popular,workbench.views.extensions.installed from workbench.view.extensions
2023-02-27 19:08:28.619 [info] Added views:workbench.views.extensions.marketplace in workbench.view.extensions
2023-02-27 19:08:32.895 [info] Removed views:workbench.views.extensions.marketplace from workbench.view.extensions
2023-02-27 19:08:32.918 [info] Added views:workbench.views.extensions.installed,workbench.views.extensions.popular,extensions.recommendedList in workbench.view.extensions
2023-02-27 19:08:34.751 [info] Removed views:extensions.recommendedList,workbench.views.extensions.popular,workbench.views.extensions.installed from workbench.view.extensions
2023-02-27 19:08:34.789 [info] Added views:workbench.views.extensions.marketplace in workbench.view.extensions
2023-02-27 19:12:04.389 [info] Added views:workbench.debug.breakPointsView in workbench.view.debug
