2023-05-14 03:47:15.410 [info] Extension host with pid 327527 started
2023-05-14 03:47:15.747 [info] ExtensionService#_doActivateExtension vscode.git-base, startup: true, activationEvent: '*', root cause: vscode.git
2023-05-14 03:47:15.760 [info] ExtensionService#_doActivateExtension icrawl.discord-vscode, startup: true, activationEvent: '*'
2023-05-14 03:47:15.817 [info] ExtensionService#_doActivateExtension vscode.git, startup: true, activationEvent: '*'
2023-05-14 03:47:15.944 [info] ExtensionService#_doActivateExtension vscode.github, startup: true, activationEvent: '*'
2023-05-14 03:47:16.052 [info] Eager extensions activated
2023-05-14 03:47:16.114 [info] ExtensionService#_doActivateExtension vscode.debug-auto-launch, startup: false, activationEvent: 'onStartupFinished'
2023-05-14 03:47:16.122 [info] ExtensionService#_doActivateExtension vscode.merge-conflict, startup: false, activationEvent: 'onStartupFinished'
2023-05-14 03:47:16.218 [info] ExtensionService#_doActivateExtension PKief.material-icon-theme, startup: false, activationEvent: 'onStartupFinished'
2023-05-14 03:47:17.024 [error] TypeError: Cannot read properties of null (reading 'write')
	at IPCTransport.send (/home/l4z4rt/.vscode-oss/extensions/icrawl.discord-vscode-5.8.0-universal/dist/extension.js:2:24881)
	at /home/l4z4rt/.vscode-oss/extensions/icrawl.discord-vscode-5.8.0-universal/dist/extension.js:2:24968
	at new Promise (<anonymous>)
	at IPCTransport.close (/home/l4z4rt/.vscode-oss/extensions/icrawl.discord-vscode-5.8.0-universal/dist/extension.js:2:24925)
	at RPCClient.destroy (/home/l4z4rt/.vscode-oss/extensions/icrawl.discord-vscode-5.8.0-universal/dist/extension.js:2:18626)
	at login (/home/l4z4rt/.vscode-oss/extensions/icrawl.discord-vscode-5.8.0-universal/dist/extension.js:2:149260)
	at process.processTicksAndRejections (node:internal/process/task_queues:96:5)
	at async activate (/home/l4z4rt/.vscode-oss/extensions/icrawl.discord-vscode-5.8.0-universal/dist/extension.js:2:151363)
	at async v.n (/usr/lib/code/out/vs/workbench/api/node/extensionHostProcess.js:96:6644)
	at async v.m (/usr/lib/code/out/vs/workbench/api/node/extensionHostProcess.js:96:6607)
	at async v.l (/usr/lib/code/out/vs/workbench/api/node/extensionHostProcess.js:96:6064)
2023-05-14 03:47:22.650 [info] ExtensionService#_doActivateExtension vscode.emmet, startup: false, activationEvent: 'onLanguage'
2023-05-14 03:47:26.085 [info] Extension host terminating: renderer closed the MessagePort
2023-05-14 03:47:26.092 [info] Extension host with pid 327527 exiting with code 0
