2023-03-20 14:44:33.171 [info] Extension host with pid 34954 started
2023-03-20 14:44:33.171 [info] Skipping acquiring lock for /home/l4z4rt/.config/Code - OSS/User/workspaceStorage/e7973396a916ea1c4f19293f84911599.
2023-03-20 14:44:33.228 [info] ExtensionService#_doActivateExtension vscode.emmet, startup: false, activationEvent: 'onLanguage'
2023-03-20 14:44:33.229 [info] ExtensionService#_doActivateExtension vscode.git-base, startup: true, activationEvent: '*', root cause: vscode.git
2023-03-20 14:44:33.229 [info] ExtensionService#_doActivateExtension icrawl.discord-vscode, startup: true, activationEvent: '*'
2023-03-20 14:44:33.321 [info] ExtensionService#_doActivateExtension vscode.git, startup: true, activationEvent: '*'
2023-03-20 14:44:33.322 [info] ExtensionService#_doActivateExtension vscode.github, startup: true, activationEvent: '*'
2023-03-20 14:44:33.587 [info] Eager extensions activated
2023-03-20 14:44:33.619 [info] ExtensionService#_doActivateExtension vscode.debug-auto-launch, startup: false, activationEvent: 'onStartupFinished'
2023-03-20 14:44:33.619 [info] ExtensionService#_doActivateExtension vscode.merge-conflict, startup: false, activationEvent: 'onStartupFinished'
2023-03-20 14:44:33.620 [info] ExtensionService#_doActivateExtension PKief.material-icon-theme, startup: false, activationEvent: 'onStartupFinished'
2023-03-20 14:44:34.452 [error] TypeError: Cannot read properties of null (reading 'write')
	at IPCTransport.send (/home/l4z4rt/.vscode-oss/extensions/icrawl.discord-vscode-5.8.0-universal/dist/extension.js:2:24881)
	at /home/l4z4rt/.vscode-oss/extensions/icrawl.discord-vscode-5.8.0-universal/dist/extension.js:2:24968
	at new Promise (<anonymous>)
	at IPCTransport.close (/home/l4z4rt/.vscode-oss/extensions/icrawl.discord-vscode-5.8.0-universal/dist/extension.js:2:24925)
	at RPCClient.destroy (/home/l4z4rt/.vscode-oss/extensions/icrawl.discord-vscode-5.8.0-universal/dist/extension.js:2:18626)
	at login (/home/l4z4rt/.vscode-oss/extensions/icrawl.discord-vscode-5.8.0-universal/dist/extension.js:2:149260)
	at process.processTicksAndRejections (node:internal/process/task_queues:96:5)
	at async activate (/home/l4z4rt/.vscode-oss/extensions/icrawl.discord-vscode-5.8.0-universal/dist/extension.js:2:151363)
	at async f.n (/usr/lib/code/out/vs/workbench/api/node/extensionHostProcess.js:94:6818)
	at async f.m (/usr/lib/code/out/vs/workbench/api/node/extensionHostProcess.js:94:6781)
	at async f.l (/usr/lib/code/out/vs/workbench/api/node/extensionHostProcess.js:94:6238)
2023-03-20 14:44:42.707 [info] ExtensionService#_doActivateExtension vscode.extension-editing, startup: false, activationEvent: 'onLanguage:markdown'
2023-03-20 14:44:42.707 [info] ExtensionService#_doActivateExtension vscode.markdown-language-features, startup: false, activationEvent: 'onLanguage:markdown'
2023-03-20 14:44:43.252 [info] ExtensionService#_doActivateExtension vscode.markdown-math, startup: false, activationEvent: 'api', root cause: vscode.markdown-language-features
2023-03-20 14:45:46.754 [info] Extension host terminating: received terminate message from renderer
2023-03-20 14:45:46.765 [info] Extension host with pid 34954 exiting with code 0
