2023-02-27 19:06:33.164 [info] Log level: Info
2023-02-27 19:06:33.164 [info] Validating found git in: "git"
2023-02-27 19:06:33.164 [info] Using git "2.39.2" from "git"
2023-02-27 19:06:33.164 [info] > git rev-parse --show-toplevel [4ms]
2023-02-27 19:06:33.164 [info] fatal: not a git repository (or any of the parent directories): .git
2023-02-27 19:06:33.164 [info] > git rev-parse --show-toplevel [25ms]
2023-02-27 19:06:33.164 [info] > git rev-parse --git-dir --git-common-dir [3ms]
2023-02-27 19:06:33.164 [info] Open repository: /home/l4z4rt/Documents/Bash/cto
2023-02-27 19:06:33.174 [info] > git rev-parse --show-toplevel [12ms]
2023-02-27 19:06:33.174 [info] fatal: not a git repository (or any of the parent directories): .git
2023-02-27 19:06:33.181 [info] > git config --get commit.template [12ms]
2023-02-27 19:06:33.183 [info] > git rev-parse --show-toplevel [6ms]
2023-02-27 19:06:33.183 [info] fatal: not a git repository (or any of the parent directories): .git
2023-02-27 19:06:33.194 [info] No remotes found in the git config file.
2023-02-27 19:06:33.195 [info] > git for-each-ref --format=%(refname)%00%(upstream:short)%00%(objectname)%00%(upstream:track)%00%(upstream:remotename)%00%(upstream:remoteref) refs/heads/master refs/remotes/master [2ms]
2023-02-27 19:06:33.214 [info] > git rev-parse --show-toplevel [26ms]
2023-02-27 19:06:33.214 [info] fatal: not a git repository (or any of the parent directories): .git
2023-02-27 19:06:33.223 [info] > git status -z -uall [23ms]
2023-02-27 19:06:33.223 [info] > git for-each-ref --sort -committerdate --format %(refname) %(objectname) %(*objectname) [11ms]
2023-02-27 19:06:33.238 [info] > git rev-parse --show-toplevel [17ms]
2023-02-27 19:06:33.238 [info] fatal: not a git repository (or any of the parent directories): .git
2023-02-27 19:06:33.244 [info] > git config --get commit.template [6ms]
2023-02-27 19:06:33.245 [info] > git rev-parse --show-toplevel [3ms]
2023-02-27 19:06:33.245 [info] fatal: not a git repository (or any of the parent directories): .git
2023-02-27 19:06:33.251 [info] No remotes found in the git config file.
2023-02-27 19:06:33.260 [info] > git for-each-ref --format=%(refname)%00%(upstream:short)%00%(objectname)%00%(upstream:track)%00%(upstream:remotename)%00%(upstream:remoteref) refs/heads/master refs/remotes/master [9ms]
2023-02-27 19:06:33.268 [info] > git rev-parse --show-toplevel [19ms]
2023-02-27 19:06:33.268 [info] fatal: not a git repository (or any of the parent directories): .git
2023-02-27 19:06:33.271 [info] > git status -z -uall [7ms]
2023-02-27 19:06:33.272 [info] > git for-each-ref --sort -committerdate --format %(refname) %(objectname) %(*objectname) [5ms]
2023-02-27 19:06:33.273 [info] > git rev-parse --show-toplevel [2ms]
2023-02-27 19:06:33.273 [info] fatal: not a git repository (or any of the parent directories): .git
2023-02-27 19:06:33.281 [info] > git rev-parse --show-toplevel [1ms]
2023-02-27 19:06:33.281 [info] fatal: not a git repository (or any of the parent directories): .git
2023-02-27 19:06:33.292 [info] > git rev-parse --show-toplevel [1ms]
2023-02-27 19:06:33.292 [info] fatal: not a git repository (or any of the parent directories): .git
2023-02-27 19:06:33.514 [info] > git rev-parse --show-toplevel [4ms]
2023-02-27 19:06:33.514 [info] fatal: not a git repository (or any of the parent directories): .git
2023-02-27 19:06:33.623 [info] > git show --textconv :cto [18ms]
2023-02-27 19:06:33.628 [info] > git ls-files --stage -- /home/l4z4rt/Documents/Bash/cto/cto [8ms]
2023-02-27 19:06:33.699 [info] > git check-ignore -v -z --stdin [4ms]
2023-02-27 19:06:38.273 [info] > git show --textconv :README.md [5ms]
2023-02-27 19:06:38.274 [info] > git ls-files --stage -- /home/l4z4rt/Documents/Bash/cto/README.md [1ms]
2023-02-27 19:08:21.787 [info] > git rev-parse --show-toplevel [19ms]
2023-02-27 19:08:21.787 [info] fatal: not a git repository (or any of the parent directories): .git
2023-02-27 19:08:48.063 [info] > git rev-parse --show-toplevel [6ms]
2023-02-27 19:08:48.064 [info] fatal: not a git repository (or any of the parent directories): .git
2023-02-27 19:09:00.926 [info] > git rev-parse --show-toplevel [1ms]
2023-02-27 19:09:00.926 [info] fatal: not a git repository (or any of the parent directories): .git
2023-02-27 19:09:18.546 [info] > git show --textconv :README.md [17ms]
2023-02-27 19:09:18.549 [info] > git ls-files --stage -- /home/l4z4rt/Documents/Bash/cto/README.md [6ms]
2023-02-27 19:10:11.669 [info] > git rev-parse --show-toplevel [1ms]
2023-02-27 19:10:11.669 [info] fatal: not a git repository (or any of the parent directories): .git
2023-02-27 19:12:05.458 [info] No remotes found in the git config file.
2023-02-27 19:12:05.459 [info] > git config --get commit.template [14ms]
2023-02-27 19:12:05.460 [info] > git for-each-ref --format=%(refname)%00%(upstream:short)%00%(objectname)%00%(upstream:track)%00%(upstream:remotename)%00%(upstream:remoteref) refs/heads/master refs/remotes/master [3ms]
2023-02-27 19:12:05.474 [info] > git status -z -uall [7ms]
2023-02-27 19:12:05.475 [info] > git for-each-ref --sort -committerdate --format %(refname) %(objectname) %(*objectname) [2ms]
2023-02-27 19:15:43.913 [info] > git rev-parse --show-toplevel [2ms]
2023-02-27 19:15:43.913 [info] fatal: not a git repository (or any of the parent directories): .git
2023-02-27 19:15:47.930 [info] > git rev-parse --show-toplevel [1ms]
2023-02-27 19:15:47.930 [info] fatal: not a git repository (or any of the parent directories): .git
2023-02-27 19:15:53.183 [info] > git rev-parse --show-toplevel [1ms]
2023-02-27 19:15:53.183 [info] fatal: not a git repository (or any of the parent directories): .git
2023-02-27 19:16:30.012 [info] > git config --get commit.template [1ms]
2023-02-27 19:16:30.015 [info] No remotes found in the git config file.
2023-02-27 19:16:30.016 [info] > git for-each-ref --format=%(refname)%00%(upstream:short)%00%(objectname)%00%(upstream:track)%00%(upstream:remotename)%00%(upstream:remoteref) refs/heads/master refs/remotes/master [1ms]
2023-02-27 19:16:30.025 [info] > git status -z -uall [5ms]
2023-02-27 19:16:30.025 [info] > git for-each-ref --sort -committerdate --format %(refname) %(objectname) %(*objectname) [0ms]
