2023-02-27 19:06:32.567 [info] Extension host with pid 1673270 started
2023-02-27 19:06:32.567 [info] Skipping acquiring lock for /home/l4z4rt/.config/Code - OSS/User/workspaceStorage/bfd4bffcbf272911390bba14ba4b0bd5.
2023-02-27 19:06:32.710 [info] ExtensionService#_doActivateExtension vscode.emmet, startup: false, activationEvent: 'onLanguage'
2023-02-27 19:06:32.710 [info] ExtensionService#_doActivateExtension vscode.git-base, startup: true, activationEvent: '*', root cause: vscode.git
2023-02-27 19:06:32.747 [info] ExtensionService#_doActivateExtension vscode.git, startup: true, activationEvent: '*'
2023-02-27 19:06:32.747 [info] ExtensionService#_doActivateExtension vscode.github, startup: true, activationEvent: '*'
2023-02-27 19:06:33.103 [info] Eager extensions activated
2023-02-27 19:06:33.122 [info] ExtensionService#_doActivateExtension vscode.debug-auto-launch, startup: false, activationEvent: 'onStartupFinished'
2023-02-27 19:06:33.122 [info] ExtensionService#_doActivateExtension vscode.merge-conflict, startup: false, activationEvent: 'onStartupFinished'
2023-02-27 19:06:38.082 [info] ExtensionService#_doActivateExtension vscode.extension-editing, startup: false, activationEvent: 'onLanguage:markdown'
2023-02-27 19:06:38.083 [info] ExtensionService#_doActivateExtension vscode.markdown-language-features, startup: false, activationEvent: 'onLanguage:markdown'
2023-02-27 19:06:38.513 [info] ExtensionService#_doActivateExtension vscode.markdown-math, startup: false, activationEvent: 'api', root cause: vscode.markdown-language-features
2023-02-27 19:08:21.660 [info] ExtensionService#_doActivateExtension vscode.configuration-editing, startup: false, activationEvent: 'onLanguage:jsonc'
2023-02-27 19:08:21.661 [info] ExtensionService#_doActivateExtension vscode.json-language-features, startup: false, activationEvent: 'onLanguage:jsonc'
2023-02-27 19:08:21.661 [info] ExtensionService#_doActivateExtension vscode.typescript-language-features, startup: false, activationEvent: 'onLanguage:jsonc'
2023-02-27 19:08:48.180 [info] ExtensionService#_doActivateExtension PKief.material-icon-theme, startup: false, activationEvent: 'onStartupFinished'
2023-02-27 19:12:04.398 [info] ExtensionService#_doActivateExtension ms-vscode.js-debug, startup: false, activationEvent: 'onDebugInitialConfigurations'
2023-02-27 19:12:05.662 [info] ExtensionService#_doActivateExtension vscode.debug-server-ready, startup: false, activationEvent: 'onDebugResolve'
2023-02-27 19:16:31.139 [info] Extension host terminating: received terminate message from renderer
2023-02-27 19:16:31.152 [error] Canceled: Canceled
	at new u (/usr/lib/code/out/vs/workbench/api/node/extensionHostProcess.js:96:88070)
	at l.O (/usr/lib/code/out/vs/workbench/api/node/extensionHostProcess.js:106:11276)
	at V.<computed>.M.charCodeAt.V.<computed> (/usr/lib/code/out/vs/workbench/api/node/extensionHostProcess.js:106:8557)
	at s.g (/usr/lib/code/out/vs/workbench/api/node/extensionHostProcess.js:96:107430)
	at s.executeCommand (/usr/lib/code/out/vs/workbench/api/node/extensionHostProcess.js:96:106806)
	at w.registerCommand.description (/usr/lib/code/out/vs/workbench/api/node/extensionHostProcess.js:96:106099)
	at s.h (/usr/lib/code/out/vs/workbench/api/node/extensionHostProcess.js:96:108016)
	at s.g (/usr/lib/code/out/vs/workbench/api/node/extensionHostProcess.js:96:106906)
	at s.executeCommand (/usr/lib/code/out/vs/workbench/api/node/extensionHostProcess.js:96:106806)
	at Object.executeCommand (/usr/lib/code/out/vs/workbench/api/node/extensionHostProcess.js:117:30778)
	at D (/usr/lib/code/extensions/git/dist/main.js:2:2055373)
	at f.invoke (/usr/lib/code/out/vs/workbench/api/node/extensionHostProcess.js:63:145)
	at g.deliver (/usr/lib/code/out/vs/workbench/api/node/extensionHostProcess.js:63:2029)
	at d.fire (/usr/lib/code/out/vs/workbench/api/node/extensionHostProcess.js:63:1667)
	at Object.h [as dispose] (/usr/lib/code/extensions/git/dist/main.js:2:2070210)
	at /usr/lib/code/extensions/git/dist/main.js:2:2074277
	at Array.forEach (<anonymous>)
	at g.dispose (/usr/lib/code/extensions/git/dist/main.js:2:2074263)
	at C.<anonymous> (/usr/lib/code/out/vs/workbench/api/node/extensionHostProcess.js:94:12431)
	at C.dispose (/usr/lib/code/out/vs/workbench/api/node/extensionHostProcess.js:94:12566)
	at C.<anonymous> (/usr/lib/code/extensions/git/dist/main.js:2:2057503)
	at C.dispose (/usr/lib/code/out/vs/workbench/api/node/extensionHostProcess.js:94:12566)
	at T (/usr/lib/code/out/vs/workbench/api/node/extensionHostProcess.js:10:12072)
	at f.X (/usr/lib/code/out/vs/workbench/api/node/extensionHostProcess.js:108:11242)
	at /usr/lib/code/out/vs/workbench/api/node/extensionHostProcess.js:108:9037
	at Array.map (<anonymous>)
	at f.Q (/usr/lib/code/out/vs/workbench/api/node/extensionHostProcess.js:108:9024)
	at f.terminate (/usr/lib/code/out/vs/workbench/api/node/extensionHostProcess.js:108:9298)
	at h.terminate (/usr/lib/code/out/vs/workbench/api/node/extensionHostProcess.js:112:1397)
	at p (/usr/lib/code/out/vs/workbench/api/node/extensionHostProcess.js:122:17851)
	at /usr/lib/code/out/vs/workbench/api/node/extensionHostProcess.js:122:15761
	at f.invoke (/usr/lib/code/out/vs/workbench/api/node/extensionHostProcess.js:63:145)
	at g.deliver (/usr/lib/code/out/vs/workbench/api/node/extensionHostProcess.js:63:2029)
	at d.fire (/usr/lib/code/out/vs/workbench/api/node/extensionHostProcess.js:63:1667)
	at p.fire (/usr/lib/code/out/vs/workbench/api/node/extensionHostProcess.js:72:14861)
	at t.E (/usr/lib/code/out/vs/workbench/api/node/extensionHostProcess.js:72:18927)
	at /usr/lib/code/out/vs/workbench/api/node/extensionHostProcess.js:72:16915
	at f.invoke (/usr/lib/code/out/vs/workbench/api/node/extensionHostProcess.js:63:145)
	at g.deliver (/usr/lib/code/out/vs/workbench/api/node/extensionHostProcess.js:63:2029)
	at d.fire (/usr/lib/code/out/vs/workbench/api/node/extensionHostProcess.js:63:1667)
	at h.acceptChunk (/usr/lib/code/out/vs/workbench/api/node/extensionHostProcess.js:72:12592)
	at /usr/lib/code/out/vs/workbench/api/node/extensionHostProcess.js:72:11879
	at Socket.t (/usr/lib/code/out/vs/workbench/api/node/extensionHostProcess.js:72:22415)
	at Socket.emit (node:events:526:28)
	at addChunk (node:internal/streams/readable:315:12)
	at readableAddChunk (node:internal/streams/readable:289:9)
	at Readable.push (node:internal/streams/readable:228:10)
	at Pipe.onStreamRead (node:internal/stream_base_commons:190:23) setContext undefined
2023-02-27 19:16:31.153 [info] Extension host with pid 1673270 exiting with code 0
