2023-03-22 18:47:18.631 [info] Extension host with pid 60399 started
2023-03-22 18:47:19.202 [info] ExtensionService#_doActivateExtension vscode.emmet, startup: false, activationEvent: 'onLanguage'
2023-03-22 18:47:19.202 [info] ExtensionService#_doActivateExtension vscode.extension-editing, startup: false, activationEvent: 'onLanguage:markdown'
2023-03-22 18:47:19.203 [info] ExtensionService#_doActivateExtension vscode.markdown-language-features, startup: false, activationEvent: 'onLanguage:markdown'
2023-03-22 18:47:19.203 [info] ExtensionService#_doActivateExtension vscode.git-base, startup: true, activationEvent: '*', root cause: vscode.git
2023-03-22 18:47:19.203 [info] ExtensionService#_doActivateExtension icrawl.discord-vscode, startup: true, activationEvent: '*'
2023-03-22 18:47:19.289 [info] ExtensionService#_doActivateExtension vscode.git, startup: true, activationEvent: '*'
2023-03-22 18:47:19.289 [info] ExtensionService#_doActivateExtension vscode.github, startup: true, activationEvent: '*'
2023-03-22 18:47:19.373 [info] Eager extensions activated
2023-03-22 18:47:19.419 [info] ExtensionService#_doActivateExtension vscode.debug-auto-launch, startup: false, activationEvent: 'onStartupFinished'
2023-03-22 18:47:19.420 [info] ExtensionService#_doActivateExtension vscode.merge-conflict, startup: false, activationEvent: 'onStartupFinished'
2023-03-22 18:47:19.421 [info] ExtensionService#_doActivateExtension PKief.material-icon-theme, startup: false, activationEvent: 'onStartupFinished'
2023-03-22 18:47:19.805 [info] ExtensionService#_doActivateExtension vscode.markdown-math, startup: false, activationEvent: 'api', root cause: vscode.markdown-language-features
2023-03-22 18:47:20.344 [error] TypeError: Cannot read properties of null (reading 'write')
	at IPCTransport.send (/home/l4z4rt/.vscode-oss/extensions/icrawl.discord-vscode-5.8.0-universal/dist/extension.js:2:24881)
	at /home/l4z4rt/.vscode-oss/extensions/icrawl.discord-vscode-5.8.0-universal/dist/extension.js:2:24968
	at new Promise (<anonymous>)
	at IPCTransport.close (/home/l4z4rt/.vscode-oss/extensions/icrawl.discord-vscode-5.8.0-universal/dist/extension.js:2:24925)
	at RPCClient.destroy (/home/l4z4rt/.vscode-oss/extensions/icrawl.discord-vscode-5.8.0-universal/dist/extension.js:2:18626)
	at login (/home/l4z4rt/.vscode-oss/extensions/icrawl.discord-vscode-5.8.0-universal/dist/extension.js:2:149260)
	at process.processTicksAndRejections (node:internal/process/task_queues:96:5)
	at async activate (/home/l4z4rt/.vscode-oss/extensions/icrawl.discord-vscode-5.8.0-universal/dist/extension.js:2:151363)
	at async f.n (/usr/lib/code/out/vs/workbench/api/node/extensionHostProcess.js:94:6818)
	at async f.m (/usr/lib/code/out/vs/workbench/api/node/extensionHostProcess.js:94:6781)
	at async f.l (/usr/lib/code/out/vs/workbench/api/node/extensionHostProcess.js:94:6238)
2023-03-22 18:47:52.870 [info] Extension host terminating: received terminate message from renderer
2023-03-22 18:47:52.880 [info] Extension host with pid 60399 exiting with code 0
