2023-03-22 18:52:00.789 [info] Extension host with pid 78804 started
2023-03-22 18:52:01.042 [info] ExtensionService#_doActivateExtension vscode.emmet, startup: false, activationEvent: 'onLanguage'
2023-03-22 18:52:01.043 [info] ExtensionService#_doActivateExtension vscode.git-base, startup: true, activationEvent: '*', root cause: vscode.git
2023-03-22 18:52:01.043 [info] ExtensionService#_doActivateExtension icrawl.discord-vscode, startup: true, activationEvent: '*'
2023-03-22 18:52:01.118 [info] ExtensionService#_doActivateExtension vscode.git, startup: true, activationEvent: '*'
2023-03-22 18:52:01.119 [info] ExtensionService#_doActivateExtension vscode.github, startup: true, activationEvent: '*'
2023-03-22 18:52:01.217 [info] Eager extensions activated
2023-03-22 18:52:01.263 [info] ExtensionService#_doActivateExtension vscode.debug-auto-launch, startup: false, activationEvent: 'onStartupFinished'
2023-03-22 18:52:01.264 [info] ExtensionService#_doActivateExtension vscode.merge-conflict, startup: false, activationEvent: 'onStartupFinished'
2023-03-22 18:52:01.265 [info] ExtensionService#_doActivateExtension PKief.material-icon-theme, startup: false, activationEvent: 'onStartupFinished'
2023-03-22 18:52:02.115 [error] TypeError: Cannot read properties of null (reading 'write')
	at IPCTransport.send (/home/l4z4rt/.vscode-oss/extensions/icrawl.discord-vscode-5.8.0-universal/dist/extension.js:2:24881)
	at /home/l4z4rt/.vscode-oss/extensions/icrawl.discord-vscode-5.8.0-universal/dist/extension.js:2:24968
	at new Promise (<anonymous>)
	at IPCTransport.close (/home/l4z4rt/.vscode-oss/extensions/icrawl.discord-vscode-5.8.0-universal/dist/extension.js:2:24925)
	at RPCClient.destroy (/home/l4z4rt/.vscode-oss/extensions/icrawl.discord-vscode-5.8.0-universal/dist/extension.js:2:18626)
	at login (/home/l4z4rt/.vscode-oss/extensions/icrawl.discord-vscode-5.8.0-universal/dist/extension.js:2:149260)
	at process.processTicksAndRejections (node:internal/process/task_queues:96:5)
	at async activate (/home/l4z4rt/.vscode-oss/extensions/icrawl.discord-vscode-5.8.0-universal/dist/extension.js:2:151363)
	at async f.n (/usr/lib/code/out/vs/workbench/api/node/extensionHostProcess.js:94:6818)
	at async f.m (/usr/lib/code/out/vs/workbench/api/node/extensionHostProcess.js:94:6781)
	at async f.l (/usr/lib/code/out/vs/workbench/api/node/extensionHostProcess.js:94:6238)
2023-03-22 18:52:06.272 [info] Extension host terminating: received terminate message from renderer
2023-03-22 18:52:06.279 [info] Extension host with pid 78804 exiting with code 0
